<?xml version="1.0" encoding="UTF-8"?>
<coverage generated="1590528123494" clover="3.2.0">
  <project timestamp="1590528123494" name="All files">
    <metrics statements="24" coveredstatements="23" conditionals="10" coveredconditionals="8" methods="5" coveredmethods="5" elements="39" coveredelements="36" complexity="0" loc="24" ncloc="24" packages="1" files="1" classes="1"/>
    <file name="use-state-persist.ts" path="/Users/leofarias/Projects/use-state-persist/src/use-state-persist.ts">
      <metrics statements="24" coveredstatements="23" conditionals="10" coveredconditionals="8" methods="5" coveredmethods="5"/>
      <line num="1" count="1" type="stmt"/>
      <line num="8" count="1" type="stmt"/>
      <line num="10" count="1" type="stmt"/>
      <line num="14" count="8" type="stmt"/>
      <line num="16" count="8" type="stmt"/>
      <line num="17" count="3" type="stmt"/>
      <line num="25" count="8" type="stmt"/>
      <line num="26" count="3" type="stmt"/>
      <line num="28" count="3" type="cond" truecount="2" falsecount="0"/>
      <line num="29" count="1" type="stmt"/>
      <line num="33" count="8" type="stmt"/>
      <line num="35" count="4" type="stmt"/>
      <line num="36" count="4" type="stmt"/>
      <line num="37" count="4" type="stmt"/>
      <line num="38" count="4" type="stmt"/>
      <line num="40" count="4" type="cond" truecount="1" falsecount="1"/>
      <line num="42" count="4" type="stmt"/>
      <line num="44" count="4" type="cond" truecount="2" falsecount="0"/>
      <line num="45" count="3" type="stmt"/>
      <line num="50" count="8" type="stmt"/>
      <line num="51" count="3" type="cond" truecount="3" falsecount="1"/>
      <line num="52" count="0" type="stmt"/>
      <line num="54" count="3" type="stmt"/>
      <line num="58" count="8" type="stmt"/>
    </file>
  </project>
</coverage>
