{"/Users/leofarias/Projects/use-state-persist/src/index.ts": {"path":"/Users/leofarias/Projects/use-state-persist/src/index.ts","statementMap":{"0":{"start":{"line":1,"column":0},"end":{"line":1,"column":36}}},"fnMap":{},"branchMap":{},"s":{"0":1},"f":{},"b":{}}
,"/Users/leofarias/Projects/use-state-persist/src/use-state-persist.ts": {"path":"/Users/leofarias/Projects/use-state-persist/src/use-state-persist.ts","statementMap":{"0":{"start":{"line":1,"column":0},"end":{"line":1,"column":null}},"1":{"start":{"line":8,"column":0},"end":{"line":8,"column":40}},"2":{"start":{"line":10,"column":13},"end":{"line":51,"column":2}},"3":{"start":{"line":14,"column":28},"end":{"line":14,"column":43}},"4":{"start":{"line":15,"column":32},"end":{"line":15,"column":50}},"5":{"start":{"line":17,"column":2},"end":{"line":19,"column":9}},"6":{"start":{"line":18,"column":4},"end":{"line":18,"column":23}},"7":{"start":{"line":21,"column":2},"end":{"line":23,"column":14}},"8":{"start":{"line":22,"column":4},"end":{"line":22,"column":25}},"9":{"start":{"line":25,"column":27},"end":{"line":31,"column":3}},"10":{"start":{"line":26,"column":17},"end":{"line":26,"column":44}},"11":{"start":{"line":28,"column":4},"end":{"line":30,"column":null}},"12":{"start":{"line":29,"column":6},"end":{"line":29,"column":21}},"13":{"start":{"line":33,"column":22},"end":{"line":36,"column":3}},"14":{"start":{"line":34,"column":4},"end":{"line":34,"column":22}},"15":{"start":{"line":35,"column":4},"end":{"line":35,"column":20}},"16":{"start":{"line":38,"column":24},"end":{"line":47,"column":null}},"17":{"start":{"line":40,"column":6},"end":{"line":40,"column":31}},"18":{"start":{"line":41,"column":6},"end":{"line":45,"column":null}},"19":{"start":{"line":42,"column":8},"end":{"line":42,"column":36}},"20":{"start":{"line":44,"column":8},"end":{"line":44,"column":56}},"21":{"start":{"line":50,"column":2},"end":{"line":50,"column":66}}},"fnMap":{"0":{"name":"(anonymous_0)","decl":{"start":{"line":10,"column":31},"end":{"line":10,"column":null}},"loc":{"start":{"line":13,"column":38},"end":{"line":51,"column":1}}},"1":{"name":"(anonymous_1)","decl":{"start":{"line":17,"column":12},"end":{"line":17,"column":15}},"loc":{"start":{"line":17,"column":17},"end":{"line":19,"column":3}}},"2":{"name":"(anonymous_2)","decl":{"start":{"line":21,"column":12},"end":{"line":21,"column":15}},"loc":{"start":{"line":21,"column":17},"end":{"line":23,"column":3}}},"3":{"name":"(anonymous_3)","decl":{"start":{"line":25,"column":27},"end":{"line":25,"column":32}},"loc":{"start":{"line":25,"column":38},"end":{"line":31,"column":3}}},"4":{"name":"(anonymous_4)","decl":{"start":{"line":33,"column":22},"end":{"line":33,"column":23}},"loc":{"start":{"line":33,"column":37},"end":{"line":36,"column":3}}},"5":{"name":"(anonymous_5)","decl":{"start":{"line":39,"column":4},"end":{"line":39,"column":9}},"loc":{"start":{"line":39,"column":25},"end":{"line":46,"column":5}}}},"branchMap":{"0":{"loc":{"start":{"line":28,"column":4},"end":{"line":30,"column":null}},"type":"if","locations":[{"start":{"line":28,"column":4},"end":{"line":30,"column":null}},{"start":{"line":28,"column":4},"end":{"line":30,"column":null}}]},"1":{"loc":{"start":{"line":28,"column":8},"end":{"line":28,"column":12}},"type":"binary-expr","locations":[{"start":{"line":28,"column":8},"end":{"line":28,"column":12}},{"start":{"line":28,"column":16},"end":{"line":28,"column":23}}]},"2":{"loc":{"start":{"line":41,"column":6},"end":{"line":45,"column":null}},"type":"if","locations":[{"start":{"line":41,"column":6},"end":{"line":45,"column":null}},{"start":{"line":41,"column":6},"end":{"line":45,"column":null}}]},"3":{"loc":{"start":{"line":41,"column":10},"end":{"line":41,"column":24}},"type":"binary-expr","locations":[{"start":{"line":41,"column":10},"end":{"line":41,"column":24}},{"start":{"line":41,"column":28},"end":{"line":41,"column":47}}]}},"s":{"0":1,"1":1,"2":1,"3":8,"4":8,"5":8,"6":3,"7":8,"8":8,"9":8,"10":3,"11":3,"12":1,"13":8,"14":4,"15":4,"16":8,"17":8,"18":8,"19":2,"20":6,"21":8},"f":{"0":8,"1":3,"2":8,"3":3,"4":4,"5":8},"b":{"0":[1,2],"1":[3,1],"2":[2,6],"3":[8,8]}}
,"/Users/leofarias/Projects/use-state-persist/src/storage/event.ts": {"path":"/Users/leofarias/Projects/use-state-persist/src/storage/event.ts","statementMap":{"0":{"start":{"line":2,"column":10},"end":{"line":2,"column":61}},"1":{"start":{"line":3,"column":10},"end":{"line":5,"column":9}},"2":{"start":{"line":8,"column":4},"end":{"line":10,"column":null}},"3":{"start":{"line":9,"column":6},"end":{"line":9,"column":48}},"4":{"start":{"line":11,"column":26},"end":{"line":13,"column":10}},"5":{"start":{"line":14,"column":25},"end":{"line":16,"column":9}},"6":{"start":{"line":18,"column":4},"end":{"line":24,"column":null}},"7":{"start":{"line":19,"column":6},"end":{"line":19,"column":45}},"8":{"start":{"line":20,"column":6},"end":{"line":20,"column":49}},"9":{"start":{"line":21,"column":6},"end":{"line":21,"column":26}},"10":{"start":{"line":23,"column":6},"end":{"line":23,"column":54}},"11":{"start":{"line":28,"column":4},"end":{"line":30,"column":null}},"12":{"start":{"line":29,"column":6},"end":{"line":29,"column":49}},"13":{"start":{"line":38,"column":23},"end":{"line":38,"column":28}},"14":{"start":{"line":39,"column":21},"end":{"line":39,"column":47}},"15":{"start":{"line":41,"column":4},"end":{"line":50,"column":null}},"16":{"start":{"line":42,"column":6},"end":{"line":49,"column":null}},"17":{"start":{"line":43,"column":8},"end":{"line":43,"column":28}},"18":{"start":{"line":45,"column":23},"end":{"line":45,"column":42}},"19":{"start":{"line":46,"column":8},"end":{"line":48,"column":null}},"20":{"start":{"line":47,"column":10},"end":{"line":47,"column":24}},"21":{"start":{"line":51,"column":4},"end":{"line":51,"column":61}},"22":{"start":{"line":64,"column":2},"end":{"line":65,"column":41}},"23":{"start":{"line":65,"column":4},"end":{"line":65,"column":40}},"24":{"start":{"line":61,"column":19},"end":{"line":61,"column":49}},"25":{"start":{"line":62,"column":4},"end":{"line":62,"column":49}},"26":{"start":{"line":62,"column":17},"end":{"line":62,"column":48}},"27":{"start":{"line":59,"column":0},"end":{"line":59,"column":13}}},"fnMap":{"0":{"name":"(anonymous_0)","decl":{"start":{"line":1,"column":0},"end":{"line":1,"column":6}},"loc":{"start":{"line":1,"column":0},"end":{"line":53,"column":1}}},"1":{"name":"(anonymous_1)","decl":{"start":{"line":7,"column":12},"end":{"line":7,"column":15}},"loc":{"start":{"line":7,"column":59},"end":{"line":25,"column":3}}},"2":{"name":"(anonymous_2)","decl":{"start":{"line":27,"column":12},"end":{"line":27,"column":18}},"loc":{"start":{"line":27,"column":53},"end":{"line":31,"column":3}}},"3":{"name":"(anonymous_3)","decl":{"start":{"line":33,"column":12},"end":{"line":33,"column":25}},"loc":{"start":{"line":36,"column":53},"end":{"line":52,"column":3}}},"4":{"name":"(anonymous_4)","decl":{"start":{"line":59,"column":0},"end":{"line":59,"column":13}},"loc":{"start":{"line":59,"column":0},"end":{"line":66,"column":1}}},"5":{"name":"(anonymous_5)","decl":{"start":{"line":64,"column":12},"end":{"line":64,"column":13}},"loc":{"start":{"line":65,"column":4},"end":{"line":65,"column":40}}},"6":{"name":"(anonymous_6)","decl":{"start":{"line":60,"column":2},"end":{"line":60,"column":11}},"loc":{"start":{"line":60,"column":58},"end":{"line":63,"column":3}}},"7":{"name":"(anonymous_7)","decl":{"start":{"line":62,"column":11},"end":{"line":62,"column":14}},"loc":{"start":{"line":62,"column":17},"end":{"line":62,"column":48}}}},"branchMap":{"0":{"loc":{"start":{"line":8,"column":4},"end":{"line":10,"column":null}},"type":"if","locations":[{"start":{"line":8,"column":4},"end":{"line":10,"column":null}},{"start":{"line":8,"column":4},"end":{"line":10,"column":null}}]},"1":{"loc":{"start":{"line":12,"column":8},"end":{"line":12,"column":34}},"type":"cond-expr","locations":[{"start":{"line":12,"column":8},"end":{"line":12,"column":34}},{"start":{"line":13,"column":8},"end":{"line":13,"column":10}}]},"2":{"loc":{"start":{"line":15,"column":8},"end":{"line":15,"column":36}},"type":"cond-expr","locations":[{"start":{"line":15,"column":8},"end":{"line":15,"column":36}},{"start":{"line":16,"column":8},"end":{"line":16,"column":9}}]},"3":{"loc":{"start":{"line":28,"column":4},"end":{"line":30,"column":null}},"type":"if","locations":[{"start":{"line":28,"column":4},"end":{"line":30,"column":null}},{"start":{"line":28,"column":4},"end":{"line":30,"column":null}}]},"4":{"loc":{"start":{"line":36,"column":44},"end":{"line":36,"column":53}},"type":"default-arg","locations":[{"start":{"line":36,"column":44},"end":{"line":36,"column":53}}]},"5":{"loc":{"start":{"line":42,"column":6},"end":{"line":49,"column":null}},"type":"if","locations":[{"start":{"line":42,"column":6},"end":{"line":49,"column":null}},{"start":{"line":42,"column":6},"end":{"line":49,"column":null}}]},"6":{"loc":{"start":{"line":46,"column":8},"end":{"line":48,"column":null}},"type":"if","locations":[{"start":{"line":46,"column":8},"end":{"line":48,"column":null}},{"start":{"line":46,"column":8},"end":{"line":48,"column":null}}]},"7":{"loc":{"start":{"line":51,"column":26},"end":{"line":51,"column":48}},"type":"cond-expr","locations":[{"start":{"line":51,"column":26},"end":{"line":51,"column":48}},{"start":{"line":51,"column":51},"end":{"line":51,"column":60}}]}},"s":{"0":3,"1":3,"2":1,"3":0,"4":1,"5":1,"6":1,"7":1,"8":1,"9":1,"10":1,"11":1,"12":1,"13":1410,"14":1410,"15":1410,"16":1,"17":1,"18":1,"19":1,"20":0,"21":1410,"22":3,"23":1410,"24":1,"25":1,"26":1,"27":3},"f":{"0":3,"1":1,"2":1,"3":1410,"4":3,"5":1410,"6":1,"7":1},"b":{"0":[0,1],"1":[0,1],"2":[0,1],"3":[1,0],"4":[1410],"5":[1,0],"6":[0,1],"7":[1,1409]}}
,"/Users/leofarias/Projects/use-state-persist/src/storage/index.native.ts": {"path":"/Users/leofarias/Projects/use-state-persist/src/storage/index.native.ts","statementMap":{"0":{"start":{"line":1,"column":0},"end":{"line":1,"column":65}},"1":{"start":{"line":3,"column":0},"end":{"line":3,"column":32}},"2":{"start":{"line":10,"column":30},"end":{"line":10,"column":38}},"3":{"start":{"line":7,"column":10},"end":{"line":7,"column":33}},"4":{"start":{"line":8,"column":10},"end":{"line":8,"column":25}},"5":{"start":{"line":13,"column":4},"end":{"line":13,"column":58}},"6":{"start":{"line":13,"column":30},"end":{"line":13,"column":58}},"7":{"start":{"line":14,"column":4},"end":{"line":14,"column":54}},"8":{"start":{"line":18,"column":4},"end":{"line":18,"column":28}},"9":{"start":{"line":18,"column":21},"end":{"line":18,"column":28}},"10":{"start":{"line":19,"column":17},"end":{"line":19,"column":48}},"11":{"start":{"line":20,"column":24},"end":{"line":20,"column":57}},"12":{"start":{"line":21,"column":4},"end":{"line":21,"column":56}},"13":{"start":{"line":21,"column":32},"end":{"line":21,"column":54}},"14":{"start":{"line":22,"column":4},"end":{"line":22,"column":23}},"15":{"start":{"line":26,"column":4},"end":{"line":26,"column":53}},"16":{"start":{"line":30,"column":4},"end":{"line":30,"column":25}},"17":{"start":{"line":31,"column":4},"end":{"line":31,"column":35}},"18":{"start":{"line":35,"column":4},"end":{"line":35,"column":45}},"19":{"start":{"line":35,"column":14},"end":{"line":35,"column":45}},"20":{"start":{"line":36,"column":4},"end":{"line":36,"column":30}},"21":{"start":{"line":37,"column":4},"end":{"line":37,"column":35}},"22":{"start":{"line":38,"column":4},"end":{"line":38,"column":53}},"23":{"start":{"line":42,"column":4},"end":{"line":42,"column":26}},"24":{"start":{"line":43,"column":4},"end":{"line":43,"column":33}},"25":{"start":{"line":47,"column":4},"end":{"line":47,"column":40}},"26":{"start":{"line":51,"column":4},"end":{"line":51,"column":26}},"27":{"start":{"line":55,"column":4},"end":{"line":55,"column":22}},"28":{"start":{"line":56,"column":4},"end":{"line":56,"column":25}},"29":{"start":{"line":60,"column":16},"end":{"line":60,"column":23}},"30":{"start":{"line":61,"column":18},"end":{"line":61,"column":25}},"31":{"start":{"line":63,"column":4},"end":{"line":63,"column":23}},"32":{"start":{"line":63,"column":16},"end":{"line":63,"column":23}},"33":{"start":{"line":65,"column":4},"end":{"line":65,"column":42}},"34":{"start":{"line":69,"column":4},"end":{"line":69,"column":28}},"35":{"start":{"line":69,"column":21},"end":{"line":69,"column":28}},"36":{"start":{"line":70,"column":4},"end":{"line":70,"column":77}},"37":{"start":{"line":75,"column":4},"end":{"line":79,"column":6}},"38":{"start":{"line":83,"column":13},"end":{"line":83,"column":53}}},"fnMap":{"0":{"name":"(anonymous_0)","decl":{"start":{"line":10,"column":2},"end":{"line":10,"column":30}},"loc":{"start":{"line":10,"column":49},"end":{"line":10,"column":53}}},"1":{"name":"(anonymous_1)","decl":{"start":{"line":12,"column":2},"end":{"line":12,"column":8}},"loc":{"start":{"line":12,"column":20},"end":{"line":15,"column":3}}},"2":{"name":"(anonymous_2)","decl":{"start":{"line":17,"column":2},"end":{"line":17,"column":7}},"loc":{"start":{"line":17,"column":12},"end":{"line":23,"column":3}}},"3":{"name":"(anonymous_3)","decl":{"start":{"line":21,"column":24},"end":{"line":21,"column":28}},"loc":{"start":{"line":21,"column":32},"end":{"line":21,"column":54}}},"4":{"name":"(anonymous_4)","decl":{"start":{"line":25,"column":2},"end":{"line":25,"column":11}},"loc":{"start":{"line":25,"column":60},"end":{"line":27,"column":3}}},"5":{"name":"(anonymous_5)","decl":{"start":{"line":29,"column":2},"end":{"line":29,"column":9}},"loc":{"start":{"line":29,"column":24},"end":{"line":32,"column":3}}},"6":{"name":"(anonymous_6)","decl":{"start":{"line":34,"column":2},"end":{"line":34,"column":9}},"loc":{"start":{"line":34,"column":34},"end":{"line":39,"column":3}}},"7":{"name":"(anonymous_7)","decl":{"start":{"line":41,"column":2},"end":{"line":41,"column":12}},"loc":{"start":{"line":41,"column":24},"end":{"line":44,"column":3}}},"8":{"name":"(anonymous_8)","decl":{"start":{"line":46,"column":2},"end":{"line":46,"column":12}},"loc":{"start":{"line":46,"column":12},"end":{"line":48,"column":3}}},"9":{"name":"(anonymous_9)","decl":{"start":{"line":50,"column":2},"end":{"line":50,"column":6}},"loc":{"start":{"line":50,"column":12},"end":{"line":52,"column":3}}},"10":{"name":"(anonymous_10)","decl":{"start":{"line":54,"column":2},"end":{"line":54,"column":7}},"loc":{"start":{"line":54,"column":7},"end":{"line":57,"column":3}}},"11":{"name":"(anonymous_11)","decl":{"start":{"line":59,"column":10},"end":{"line":59,"column":21}},"loc":{"start":{"line":59,"column":39},"end":{"line":66,"column":3}}},"12":{"name":"(anonymous_12)","decl":{"start":{"line":68,"column":10},"end":{"line":68,"column":23}},"loc":{"start":{"line":68,"column":23},"end":{"line":71,"column":3}}},"13":{"name":"(anonymous_13)","decl":{"start":{"line":74,"column":2},"end":{"line":74,"column":6}},"loc":{"start":{"line":74,"column":14},"end":{"line":80,"column":3}}}},"branchMap":{"0":{"loc":{"start":{"line":10,"column":38},"end":{"line":10,"column":49}},"type":"default-arg","locations":[{"start":{"line":10,"column":38},"end":{"line":10,"column":49}}]},"1":{"loc":{"start":{"line":13,"column":4},"end":{"line":13,"column":58}},"type":"if","locations":[{"start":{"line":13,"column":4},"end":{"line":13,"column":58}},{"start":{"line":13,"column":4},"end":{"line":13,"column":58}}]},"2":{"loc":{"start":{"line":18,"column":4},"end":{"line":18,"column":28}},"type":"if","locations":[{"start":{"line":18,"column":4},"end":{"line":18,"column":28}},{"start":{"line":18,"column":4},"end":{"line":18,"column":28}}]},"3":{"loc":{"start":{"line":35,"column":4},"end":{"line":35,"column":45}},"type":"if","locations":[{"start":{"line":35,"column":4},"end":{"line":35,"column":45}},{"start":{"line":35,"column":4},"end":{"line":35,"column":45}}]},"4":{"loc":{"start":{"line":63,"column":4},"end":{"line":63,"column":23}},"type":"if","locations":[{"start":{"line":63,"column":4},"end":{"line":63,"column":23}},{"start":{"line":63,"column":4},"end":{"line":63,"column":23}}]},"5":{"loc":{"start":{"line":69,"column":4},"end":{"line":69,"column":28}},"type":"if","locations":[{"start":{"line":69,"column":4},"end":{"line":69,"column":28}},{"start":{"line":69,"column":4},"end":{"line":69,"column":28}}]}},"s":{"0":1,"1":1,"2":1,"3":1,"4":1,"5":1,"6":0,"7":1,"8":1,"9":0,"10":1,"11":1,"12":1,"13":0,"14":1,"15":1,"16":703,"17":702,"18":702,"19":0,"20":702,"21":702,"22":702,"23":1,"24":1,"25":1,"26":2,"27":2,"28":2,"29":1,"30":1,"31":1,"32":0,"33":1,"34":703,"35":702,"36":1,"37":3,"38":1},"f":{"0":1,"1":1,"2":1,"3":0,"4":1,"5":703,"6":702,"7":1,"8":1,"9":2,"10":2,"11":1,"12":703,"13":3},"b":{"0":[1],"1":[0,1],"2":[0,1],"3":[0,702],"4":[0,1],"5":[702,1]}}
,"/Users/leofarias/Projects/use-state-persist/src/storage/index.ts": {"path":"/Users/leofarias/Projects/use-state-persist/src/storage/index.ts","statementMap":{"0":{"start":{"line":3,"column":0},"end":{"line":3,"column":32}},"1":{"start":{"line":5,"column":0},"end":{"line":46,"column":null}},"2":{"start":{"line":8,"column":30},"end":{"line":8,"column":38}},"3":{"start":{"line":11,"column":4},"end":{"line":11,"column":58}},"4":{"start":{"line":11,"column":30},"end":{"line":11,"column":58}},"5":{"start":{"line":12,"column":4},"end":{"line":12,"column":54}},"6":{"start":{"line":20,"column":4},"end":{"line":20,"column":32}},"7":{"start":{"line":24,"column":18},"end":{"line":24,"column":43}},"8":{"start":{"line":25,"column":4},"end":{"line":25,"column":23}},"9":{"start":{"line":25,"column":16},"end":{"line":25,"column":23}},"10":{"start":{"line":26,"column":4},"end":{"line":26,"column":34}},"11":{"start":{"line":30,"column":4},"end":{"line":30,"column":45}},"12":{"start":{"line":30,"column":14},"end":{"line":30,"column":45}},"13":{"start":{"line":31,"column":4},"end":{"line":31,"column":53}},"14":{"start":{"line":32,"column":4},"end":{"line":32,"column":30}},"15":{"start":{"line":36,"column":4},"end":{"line":36,"column":33}},"16":{"start":{"line":40,"column":4},"end":{"line":40,"column":31}},"17":{"start":{"line":44,"column":4},"end":{"line":44,"column":25}},"18":{"start":{"line":16,"column":9},"end":{"line":16,"column":23}},"19":{"start":{"line":46,"column":0},"end":{"line":46,"column":null}},"20":{"start":{"line":48,"column":13},"end":{"line":48,"column":53}}},"fnMap":{"0":{"name":"(anonymous_0)","decl":{"start":{"line":5,"column":0},"end":{"line":5,"column":6}},"loc":{"start":{"line":5,"column":0},"end":{"line":46,"column":null}}},"1":{"name":"(anonymous_1)","decl":{"start":{"line":8,"column":2},"end":{"line":8,"column":30}},"loc":{"start":{"line":8,"column":49},"end":{"line":8,"column":53}}},"2":{"name":"(anonymous_2)","decl":{"start":{"line":10,"column":2},"end":{"line":10,"column":8}},"loc":{"start":{"line":10,"column":20},"end":{"line":13,"column":3}}},"3":{"name":"(anonymous_3)","decl":{"start":{"line":17,"column":2},"end":{"line":17,"column":7}},"loc":{"start":{"line":17,"column":12},"end":{"line":17,"column":17}}},"4":{"name":"(anonymous_4)","decl":{"start":{"line":19,"column":2},"end":{"line":19,"column":6}},"loc":{"start":{"line":19,"column":15},"end":{"line":21,"column":3}}},"5":{"name":"(anonymous_5)","decl":{"start":{"line":23,"column":2},"end":{"line":23,"column":9}},"loc":{"start":{"line":23,"column":24},"end":{"line":27,"column":3}}},"6":{"name":"(anonymous_6)","decl":{"start":{"line":29,"column":2},"end":{"line":29,"column":9}},"loc":{"start":{"line":29,"column":34},"end":{"line":33,"column":3}}},"7":{"name":"(anonymous_7)","decl":{"start":{"line":35,"column":2},"end":{"line":35,"column":12}},"loc":{"start":{"line":35,"column":24},"end":{"line":37,"column":3}}},"8":{"name":"(anonymous_8)","decl":{"start":{"line":39,"column":2},"end":{"line":39,"column":6}},"loc":{"start":{"line":39,"column":12},"end":{"line":41,"column":3}}},"9":{"name":"(anonymous_9)","decl":{"start":{"line":43,"column":2},"end":{"line":43,"column":7}},"loc":{"start":{"line":43,"column":7},"end":{"line":45,"column":3}}}},"branchMap":{"0":{"loc":{"start":{"line":8,"column":38},"end":{"line":8,"column":49}},"type":"default-arg","locations":[{"start":{"line":8,"column":38},"end":{"line":8,"column":49}}]},"1":{"loc":{"start":{"line":11,"column":4},"end":{"line":11,"column":58}},"type":"if","locations":[{"start":{"line":11,"column":4},"end":{"line":11,"column":58}},{"start":{"line":11,"column":4},"end":{"line":11,"column":58}}]},"2":{"loc":{"start":{"line":25,"column":4},"end":{"line":25,"column":23}},"type":"if","locations":[{"start":{"line":25,"column":4},"end":{"line":25,"column":23}},{"start":{"line":25,"column":4},"end":{"line":25,"column":23}}]},"3":{"loc":{"start":{"line":30,"column":4},"end":{"line":30,"column":45}},"type":"if","locations":[{"start":{"line":30,"column":4},"end":{"line":30,"column":45}},{"start":{"line":30,"column":4},"end":{"line":30,"column":45}}]}},"s":{"0":2,"1":2,"2":2,"3":2,"4":0,"5":2,"6":0,"7":705,"8":705,"9":3,"10":702,"11":708,"12":0,"13":708,"14":708,"15":3,"16":2,"17":3,"18":2,"19":2,"20":2},"f":{"0":2,"1":2,"2":2,"3":10,"4":0,"5":705,"6":708,"7":3,"8":2,"9":3},"b":{"0":[2],"1":[0,2],"2":[3,702],"3":[0,708]}}
}
