{"/Users/leofarias/Projects/use-state-persist/src/use-state-persist.ts": {"path":"/Users/leofarias/Projects/use-state-persist/src/use-state-persist.ts","statementMap":{"0":{"start":{"line":1,"column":0},"end":{"line":1,"column":null}},"1":{"start":{"line":8,"column":0},"end":{"line":8,"column":40}},"2":{"start":{"line":10,"column":13},"end":{"line":59,"column":2}},"3":{"start":{"line":14,"column":28},"end":{"line":14,"column":43}},"4":{"start":{"line":16,"column":2},"end":{"line":23,"column":9}},"5":{"start":{"line":17,"column":4},"end":{"line":17,"column":19}},"6":{"start":{"line":25,"column":23},"end":{"line":31,"column":3}},"7":{"start":{"line":26,"column":17},"end":{"line":26,"column":44}},"8":{"start":{"line":28,"column":4},"end":{"line":30,"column":null}},"9":{"start":{"line":29,"column":6},"end":{"line":29,"column":21}},"10":{"start":{"line":33,"column":22},"end":{"line":47,"column":null}},"11":{"start":{"line":35,"column":6},"end":{"line":35,"column":31}},"12":{"start":{"line":36,"column":23},"end":{"line":36,"column":43}},"13":{"start":{"line":37,"column":27},"end":{"line":37,"column":48}},"14":{"start":{"line":38,"column":26},"end":{"line":38,"column":69}},"15":{"start":{"line":40,"column":6},"end":{"line":40,"column":44}},"16":{"start":{"line":40,"column":37},"end":{"line":40,"column":44}},"17":{"start":{"line":42,"column":6},"end":{"line":42,"column":21}},"18":{"start":{"line":44,"column":6},"end":{"line":44,"column":43}},"19":{"start":{"line":44,"column":36},"end":{"line":44,"column":43}},"20":{"start":{"line":45,"column":6},"end":{"line":45,"column":26}},"21":{"start":{"line":50,"column":24},"end":{"line":56,"column":3}},"22":{"start":{"line":51,"column":4},"end":{"line":55,"column":null}},"23":{"start":{"line":52,"column":6},"end":{"line":52,"column":34}},"24":{"start":{"line":54,"column":6},"end":{"line":54,"column":37}},"25":{"start":{"line":58,"column":2},"end":{"line":58,"column":66}}},"fnMap":{"0":{"name":"(anonymous_0)","decl":{"start":{"line":10,"column":31},"end":{"line":10,"column":null}},"loc":{"start":{"line":13,"column":38},"end":{"line":59,"column":1}}},"1":{"name":"(anonymous_1)","decl":{"start":{"line":16,"column":12},"end":{"line":16,"column":15}},"loc":{"start":{"line":16,"column":17},"end":{"line":23,"column":3}}},"2":{"name":"(anonymous_2)","decl":{"start":{"line":25,"column":23},"end":{"line":25,"column":28}},"loc":{"start":{"line":25,"column":34},"end":{"line":31,"column":3}}},"3":{"name":"(anonymous_3)","decl":{"start":{"line":34,"column":4},"end":{"line":34,"column":9}},"loc":{"start":{"line":34,"column":24},"end":{"line":46,"column":5}}},"4":{"name":"(anonymous_4)","decl":{"start":{"line":50,"column":24},"end":{"line":50,"column":29}},"loc":{"start":{"line":50,"column":44},"end":{"line":56,"column":3}}}},"branchMap":{"0":{"loc":{"start":{"line":28,"column":4},"end":{"line":30,"column":null}},"type":"if","locations":[{"start":{"line":28,"column":4},"end":{"line":30,"column":null}},{"start":{"line":28,"column":4},"end":{"line":30,"column":null}}]},"1":{"loc":{"start":{"line":40,"column":6},"end":{"line":40,"column":44}},"type":"if","locations":[{"start":{"line":40,"column":6},"end":{"line":40,"column":44}},{"start":{"line":40,"column":6},"end":{"line":40,"column":44}}]},"2":{"loc":{"start":{"line":44,"column":6},"end":{"line":44,"column":43}},"type":"if","locations":[{"start":{"line":44,"column":6},"end":{"line":44,"column":43}},{"start":{"line":44,"column":6},"end":{"line":44,"column":43}}]},"3":{"loc":{"start":{"line":51,"column":4},"end":{"line":55,"column":null}},"type":"if","locations":[{"start":{"line":51,"column":4},"end":{"line":55,"column":null}},{"start":{"line":51,"column":4},"end":{"line":55,"column":null}}]},"4":{"loc":{"start":{"line":51,"column":8},"end":{"line":51,"column":21}},"type":"binary-expr","locations":[{"start":{"line":51,"column":8},"end":{"line":51,"column":21}},{"start":{"line":51,"column":25},"end":{"line":51,"column":43}}]}},"s":{"0":1,"1":1,"2":1,"3":8,"4":8,"5":3,"6":8,"7":3,"8":3,"9":1,"10":8,"11":4,"12":4,"13":4,"14":4,"15":4,"16":0,"17":4,"18":4,"19":1,"20":3,"21":8,"22":3,"23":0,"24":3,"25":8},"f":{"0":8,"1":3,"2":3,"3":4,"4":3},"b":{"0":[1,2],"1":[0,4],"2":[1,3],"3":[0,3],"4":[3,3]}}
}
