TN:
SF:/Users/leofarias/Projects/use-state-persist/src/index.ts
FNF:0
FNH:0
DA:1,1
LF:1
LH:1
BRF:0
BRH:0
end_of_record
TN:
SF:/Users/leofarias/Projects/use-state-persist/src/use-state-persist.ts
FN:10,(anonymous_0)
FN:17,(anonymous_1)
FN:21,(anonymous_2)
FN:25,(anonymous_3)
FN:33,(anonymous_4)
FN:39,(anonymous_5)
FNF:6
FNH:6
FNDA:8,(anonymous_0)
FNDA:3,(anonymous_1)
FNDA:8,(anonymous_2)
FNDA:3,(anonymous_3)
FNDA:4,(anonymous_4)
FNDA:8,(anonymous_5)
DA:1,1
DA:8,1
DA:10,1
DA:14,8
DA:15,8
DA:17,8
DA:18,3
DA:21,8
DA:22,8
DA:25,8
DA:26,3
DA:28,3
DA:29,1
DA:33,8
DA:34,4
DA:35,4
DA:38,8
DA:40,8
DA:41,8
DA:42,2
DA:44,6
DA:50,8
LF:22
LH:22
BRDA:28,0,0,1
BRDA:28,0,1,2
BRDA:28,1,0,3
BRDA:28,1,1,1
BRDA:41,2,0,2
BRDA:41,2,1,6
BRDA:41,3,0,8
BRDA:41,3,1,8
BRF:8
BRH:8
end_of_record
TN:
SF:/Users/leofarias/Projects/use-state-persist/src/storage/event.ts
FN:1,(anonymous_0)
FN:7,(anonymous_1)
FN:27,(anonymous_2)
FN:33,(anonymous_3)
FN:59,(anonymous_4)
FN:64,(anonymous_5)
FN:60,(anonymous_6)
FN:62,(anonymous_7)
FNF:8
FNH:8
FNDA:3,(anonymous_0)
FNDA:1,(anonymous_1)
FNDA:1,(anonymous_2)
FNDA:1410,(anonymous_3)
FNDA:3,(anonymous_4)
FNDA:1410,(anonymous_5)
FNDA:1,(anonymous_6)
FNDA:1,(anonymous_7)
DA:2,3
DA:3,3
DA:8,1
DA:9,0
DA:11,1
DA:14,1
DA:18,1
DA:19,1
DA:20,1
DA:21,1
DA:23,1
DA:28,1
DA:29,1
DA:38,1410
DA:39,1410
DA:41,1410
DA:42,1
DA:43,1
DA:45,1
DA:46,1
DA:47,0
DA:51,1410
DA:59,3
DA:61,1
DA:62,1
DA:64,3
DA:65,1410
LF:27
LH:25
BRDA:8,0,0,0
BRDA:8,0,1,1
BRDA:12,1,0,0
BRDA:12,1,1,1
BRDA:15,2,0,0
BRDA:15,2,1,1
BRDA:28,3,0,1
BRDA:28,3,1,0
BRDA:36,4,0,1410
BRDA:42,5,0,1
BRDA:42,5,1,0
BRDA:46,6,0,0
BRDA:46,6,1,1
BRDA:51,7,0,1
BRDA:51,7,1,1409
BRF:15
BRH:9
end_of_record
TN:
SF:/Users/leofarias/Projects/use-state-persist/src/storage/index.native.ts
FN:10,(anonymous_0)
FN:12,(anonymous_1)
FN:17,(anonymous_2)
FN:21,(anonymous_3)
FN:25,(anonymous_4)
FN:29,(anonymous_5)
FN:34,(anonymous_6)
FN:41,(anonymous_7)
FN:46,(anonymous_8)
FN:50,(anonymous_9)
FN:54,(anonymous_10)
FN:59,(anonymous_11)
FN:68,(anonymous_12)
FN:74,(anonymous_13)
FNF:14
FNH:13
FNDA:1,(anonymous_0)
FNDA:1,(anonymous_1)
FNDA:1,(anonymous_2)
FNDA:0,(anonymous_3)
FNDA:1,(anonymous_4)
FNDA:703,(anonymous_5)
FNDA:702,(anonymous_6)
FNDA:1,(anonymous_7)
FNDA:1,(anonymous_8)
FNDA:2,(anonymous_9)
FNDA:2,(anonymous_10)
FNDA:1,(anonymous_11)
FNDA:703,(anonymous_12)
FNDA:3,(anonymous_13)
DA:1,1
DA:3,1
DA:7,1
DA:8,1
DA:10,1
DA:13,1
DA:14,1
DA:18,1
DA:19,1
DA:20,1
DA:21,1
DA:22,1
DA:26,1
DA:30,703
DA:31,702
DA:35,702
DA:36,702
DA:37,702
DA:38,702
DA:42,1
DA:43,1
DA:47,1
DA:51,2
DA:55,2
DA:56,2
DA:60,1
DA:61,1
DA:63,1
DA:65,1
DA:69,703
DA:70,1
DA:75,3
DA:83,1
LF:33
LH:33
BRDA:10,0,0,1
BRDA:13,1,0,0
BRDA:13,1,1,1
BRDA:18,2,0,0
BRDA:18,2,1,1
BRDA:35,3,0,0
BRDA:35,3,1,702
BRDA:63,4,0,0
BRDA:63,4,1,1
BRDA:69,5,0,702
BRDA:69,5,1,1
BRF:11
BRH:7
end_of_record
TN:
SF:/Users/leofarias/Projects/use-state-persist/src/storage/index.ts
FN:5,(anonymous_0)
FN:8,(anonymous_1)
FN:10,(anonymous_2)
FN:17,(anonymous_3)
FN:19,(anonymous_4)
FN:23,(anonymous_5)
FN:29,(anonymous_6)
FN:35,(anonymous_7)
FN:39,(anonymous_8)
FN:43,(anonymous_9)
FNF:10
FNH:9
FNDA:2,(anonymous_0)
FNDA:2,(anonymous_1)
FNDA:2,(anonymous_2)
FNDA:10,(anonymous_3)
FNDA:0,(anonymous_4)
FNDA:705,(anonymous_5)
FNDA:708,(anonymous_6)
FNDA:3,(anonymous_7)
FNDA:2,(anonymous_8)
FNDA:3,(anonymous_9)
DA:3,2
DA:5,2
DA:8,2
DA:11,2
DA:12,2
DA:16,2
DA:20,0
DA:24,705
DA:25,705
DA:26,702
DA:30,708
DA:31,708
DA:32,708
DA:36,3
DA:40,2
DA:44,3
DA:46,2
DA:48,2
LF:18
LH:17
BRDA:8,0,0,2
BRDA:11,1,0,0
BRDA:11,1,1,2
BRDA:25,2,0,3
BRDA:25,2,1,702
BRDA:30,3,0,0
BRDA:30,3,1,708
BRF:7
BRH:5
end_of_record
