TN:
SF:/Users/leofarias/Projects/use-state-persist/src/use-state-persist.ts
FN:10,(anonymous_0)
FN:16,(anonymous_1)
FN:25,(anonymous_2)
FN:34,(anonymous_3)
FN:50,(anonymous_4)
FNF:5
FNH:5
FNDA:8,(anonymous_0)
FNDA:3,(anonymous_1)
FNDA:3,(anonymous_2)
FNDA:4,(anonymous_3)
FNDA:3,(anonymous_4)
DA:1,1
DA:8,1
DA:10,1
DA:14,8
DA:16,8
DA:17,3
DA:25,8
DA:26,3
DA:28,3
DA:29,1
DA:33,8
DA:35,4
DA:36,4
DA:37,4
DA:38,4
DA:40,4
DA:42,4
DA:44,4
DA:45,3
DA:50,8
DA:51,3
DA:52,0
DA:54,3
DA:58,8
LF:24
LH:23
BRDA:28,0,0,1
BRDA:28,0,1,2
BRDA:40,1,0,0
BRDA:40,1,1,4
BRDA:44,2,0,1
BRDA:44,2,1,3
BRDA:51,3,0,0
BRDA:51,3,1,3
BRDA:51,4,0,3
BRDA:51,4,1,3
BRF:10
BRH:8
end_of_record
